<?xml version="1.0" encoding="UTF-8"?>
<testng-results skipped="0" failed="0" ignored="0" total="1" passed="1">
  <reporter-output>
  </reporter-output>
  <suite name="Default suite" duration-ms="55714" started-at="2019-06-17T12:59:01Z" finished-at="2019-06-17T12:59:57Z">
    <groups>
    </groups>
    <test name="Default test" duration-ms="55714" started-at="2019-06-17T12:59:01Z" finished-at="2019-06-17T12:59:57Z">
      <class name="com.training.sanity.tests.RTTC_004">
        <test-method status="PASS" signature="setUpBeforeClass()[pri:0, instance:com.training.sanity.tests.RTTC_004@7823a2f9]" name="setUpBeforeClass" is-config="true" duration-ms="62" started-at="2019-06-17T18:29:02Z" finished-at="2019-06-17T18:29:02Z">
          <reporter-output>
          </reporter-output>
        </test-method> <!-- setUpBeforeClass -->
        <test-method status="PASS" signature="setUp()[pri:0, instance:com.training.sanity.tests.RTTC_004@7823a2f9]" name="setUp" is-config="true" duration-ms="31285" started-at="2019-06-17T18:29:02Z" finished-at="2019-06-17T18:29:33Z">
          <reporter-output>
          </reporter-output>
        </test-method> <!-- setUp -->
        <test-method status="PASS" signature="validLoginTest()[pri:0, instance:com.training.sanity.tests.RTTC_004@7823a2f9]" name="validLoginTest" duration-ms="23259" started-at="2019-06-17T18:29:33Z" finished-at="2019-06-17T18:29:56Z">
          <reporter-output>
          </reporter-output>
        </test-method> <!-- validLoginTest -->
        <test-method status="PASS" signature="tearDown()[pri:0, instance:com.training.sanity.tests.RTTC_004@7823a2f9]" name="tearDown" is-config="true" duration-ms="1014" started-at="2019-06-17T18:29:56Z" finished-at="2019-06-17T18:29:57Z">
          <reporter-output>
          </reporter-output>
        </test-method> <!-- tearDown -->
      </class> <!-- com.training.sanity.tests.RTTC_004 -->
    </test> <!-- Default test -->
  </suite> <!-- Default suite -->
</testng-results>
